<?xml version="1.0" encoding="UTF-8"?>
<testsuites name="Mocha Tests" time="4.179" tests="8" failures="0">
  <testsuite name="Root Suite" timestamp="2024-04-09T17:10:10" tests="0" file="cypress\integration\examples\connectors.spec.js" failures="0" time="0">
  </testsuite>
  <testsuite name="Connectors" timestamp="2024-04-09T17:10:10" tests="4" failures="0" time="2.5229999999999997">
    <testcase name="Connectors .each() - iterate over an array of elements" time="1.035" classname=".each() - iterate over an array of elements">
    </testcase>
    <testcase name="Connectors .its() - get properties on the current subject" time="0.736" classname=".its() - get properties on the current subject">
    </testcase>
    <testcase name="Connectors .invoke() - invoke a function on the current subject" time="0.315" classname=".invoke() - invoke a function on the current subject">
    </testcase>
    <testcase name="Connectors .spread() - spread an array as individual args to callback function" time="0.437" classname=".spread() - spread an array as individual args to callback function">
    </testcase>
  </testsuite>
  <testsuite name=".then()" timestamp="2024-04-09T17:10:15" tests="4" failures="0" time="1.6560000000000001">
    <testcase name="Connectors .then() invokes a callback function with the current subject" time="0.508" classname="invokes a callback function with the current subject">
    </testcase>
    <testcase name="Connectors .then() yields the returned value to the next command" time="0.392" classname="yields the returned value to the next command">
    </testcase>
    <testcase name="Connectors .then() yields the original subject without return" time="0.424" classname="yields the original subject without return">
    </testcase>
    <testcase name="Connectors .then() yields the value yielded by the last Cypress command inside" time="0.332" classname="yields the value yielded by the last Cypress command inside">
    </testcase>
  </testsuite>
</testsuites>