<?xml version="1.0" encoding="UTF-8"?>
<testsuites name="Mocha Tests" time="4.54" tests="5" failures="0">
  <testsuite name="Root Suite" timestamp="2024-04-09T17:12:15" tests="0" file="cypress\integration\examples\querying.spec.js" failures="0" time="0">
  </testsuite>
  <testsuite name="Querying" timestamp="2024-04-09T17:12:15" tests="5" failures="0" time="4.54">
    <testcase name="Querying cy.get() - query DOM elements" time="1.247" classname="cy.get() - query DOM elements">
    </testcase>
    <testcase name="Querying cy.contains() - query DOM elements with matching content" time="0.807" classname="cy.contains() - query DOM elements with matching content">
    </testcase>
    <testcase name="Querying .within() - query DOM elements within a specific element" time="0.596" classname=".within() - query DOM elements within a specific element">
    </testcase>
    <testcase name="Querying cy.root() - query the root DOM element" time="0.46" classname="cy.root() - query the root DOM element">
    </testcase>
    <testcase name="Querying best practices - selecting elements" time="1.43" classname="best practices - selecting elements">
    </testcase>
  </testsuite>
</testsuites>