<?xml version="1.0" encoding="UTF-8"?>
<testsuites name="Mocha Tests" time="4.181" tests="2" failures="0">
  <testsuite name="Root Suite" timestamp="2024-04-09T17:09:38" tests="0" file="cypress\integration\examples\aliasing.spec.js" failures="0" time="0">
  </testsuite>
  <testsuite name="Aliasing" timestamp="2024-04-09T17:09:38" tests="2" failures="0" time="4.181">
    <testcase name="Aliasing .as() - alias a DOM element for later use" time="1.779" classname=".as() - alias a DOM element for later use">
    </testcase>
    <testcase name="Aliasing .as() - alias a route for later use" time="2.402" classname=".as() - alias a route for later use">
    </testcase>
  </testsuite>
</testsuites>