<?xml version="1.0" encoding="UTF-8"?>
<testsuites name="Mocha Tests" time="0" tests="1" failures="1">
  <testsuite name="Root Suite" timestamp="2024-04-09T17:11:06" tests="0" file="cypress\integration\examples\local_storage.spec.js" failures="0" time="0">
  </testsuite>
  <testsuite name="Local Storage" timestamp="2024-04-09T17:11:06" tests="1" failures="1" time="0">
    <testcase name="Local Storage &quot;before each&quot; hook for &quot;cy.clearLocalStorage() - clear all data in local storage&quot;" time="0" classname="&quot;before each&quot; hook for &quot;cy.clearLocalStorage() - clear all data in local storage&quot;">
      <failure message="`cy.visit()` failed trying to load:

https://example.cypress.io/commands/local-storage

The response we received from your web server was:

  &gt; 404: Not Found

This was considered a failure because the status code was not `2xx`.

If you do not want status codes to cause failures pass the option: `failOnStatusCode: false`

Because this error occurred during a `before each` hook we are skipping the remaining tests in the current suite: `Local Storage`" type="CypressError"><![CDATA[CypressError: `cy.visit()` failed trying to load:

https://example.cypress.io/commands/local-storage

The response we received from your web server was:

  > 404: Not Found

This was considered a failure because the status code was not `2xx`.

If you do not want status codes to cause failures pass the option: `failOnStatusCode: false`

Because this error occurred during a `before each` hook we are skipping the remaining tests in the current suite: `Local Storage`
    at http://localhost:61368/__cypress/runner/cypress_runner.js:156922:25
    at visitFailedByErr (http://localhost:61368/__cypress/runner/cypress_runner.js:156299:12)
    at http://localhost:61368/__cypress/runner/cypress_runner.js:156902:13
    at tryCatcher (http://localhost:61368/__cypress/runner/cypress_runner.js:9956:23)
    at Promise._settlePromiseFromHandler (http://localhost:61368/__cypress/runner/cypress_runner.js:7891:31)
    at Promise._settlePromise (http://localhost:61368/__cypress/runner/cypress_runner.js:7948:18)
    at Promise._settlePromise0 (http://localhost:61368/__cypress/runner/cypress_runner.js:7993:10)
    at Promise._settlePromises (http://localhost:61368/__cypress/runner/cypress_runner.js:8069:18)
    at _drainQueueStep (http://localhost:61368/__cypress/runner/cypress_runner.js:4663:12)
    at _drainQueue (http://localhost:61368/__cypress/runner/cypress_runner.js:4656:9)
    at Async.../../node_modules/bluebird/js/release/async.js.Async._drainQueues (http://localhost:61368/__cypress/runner/cypress_runner.js:4672:5)
    at Async.drainQueues (http://localhost:61368/__cypress/runner/cypress_runner.js:4542:14)
From Your Spec Code:
    at Context.eval (http://localhost:61368/__cypress/tests?p=cypress\integration\examples\local_storage.spec.js:7:8)]]></failure>
    </testcase>
  </testsuite>
</testsuites>