<?xml version="1.0" encoding="UTF-8"?>
<testsuites name="Mocha Tests" time="1.955" tests="3" failures="0">
  <testsuite name="Root Suite" timestamp="2024-04-09T17:14:09" tests="0" file="cypress\integration\examples\window.spec.js" failures="0" time="0">
  </testsuite>
  <testsuite name="Window" timestamp="2024-04-09T17:14:09" tests="3" failures="0" time="1.955">
    <testcase name="Window cy.window() - get the global window object" time="0.848" classname="cy.window() - get the global window object">
    </testcase>
    <testcase name="Window cy.document() - get the document object" time="0.735" classname="cy.document() - get the document object">
    </testcase>
    <testcase name="Window cy.title() - get the title" time="0.372" classname="cy.title() - get the title">
    </testcase>
  </testsuite>
</testsuites>