<?xml version="1.0" encoding="UTF-8"?>
<testsuites name="Mocha Tests" time="4.2090000000000005" tests="4" failures="0">
  <testsuite name="Root Suite" timestamp="2024-04-09T17:10:53" tests="0" file="cypress\integration\examples\files.spec.js" failures="0" time="0">
  </testsuite>
  <testsuite name="Files" timestamp="2024-04-09T17:10:53" tests="4" failures="0" time="4.2090000000000005">
    <testcase name="Files cy.fixture() - load a fixture" time="2.015" classname="cy.fixture() - load a fixture">
    </testcase>
    <testcase name="Files cy.fixture() or require - load a fixture" time="0.422" classname="cy.fixture() or require - load a fixture">
    </testcase>
    <testcase name="Files cy.readFile() - read file contents" time="0.337" classname="cy.readFile() - read file contents">
    </testcase>
    <testcase name="Files cy.writeFile() - write to a file" time="1.435" classname="cy.writeFile() - write to a file">
    </testcase>
  </testsuite>
</testsuites>