<?xml version="1.0" encoding="UTF-8"?>
<testsuites name="Mocha Tests" time="2.351" tests="3" failures="0">
  <testsuite name="Root Suite" timestamp="2024-04-09T17:11:12" tests="0" file="cypress\integration\examples\location.spec.js" failures="0" time="0">
  </testsuite>
  <testsuite name="Location" timestamp="2024-04-09T17:11:12" tests="3" failures="0" time="2.351">
    <testcase name="Location cy.hash() - get the current URL hash" time="1.082" classname="cy.hash() - get the current URL hash">
    </testcase>
    <testcase name="Location cy.location() - get window.location" time="0.688" classname="cy.location() - get window.location">
    </testcase>
    <testcase name="Location cy.url() - get the current URL" time="0.581" classname="cy.url() - get the current URL">
    </testcase>
  </testsuite>
</testsuites>